2013-02-28 08:42:45,100 - [INFO] - from play in main 
Listening for HTTP on /0:0:0:0:0:0:0:0:9000

2013-02-28 08:46:07,495 - [ERROR] - from application in New I/O  worker #1 


! @6df3ef89p - Internal server error, for (GET) [/] ->

sbt.PlayExceptions$CompilationException: Compilation error[cannot find symbol [symbol: class CadastroComputador] [location: class models.controladores.ControladorComputadores]]
	at sbt.PlayReloader$$anon$2$$anonfun$reload$2$$anonfun$apply$15$$anonfun$apply$16.apply(PlayReloader.scala:349) ~[na:na]
	at sbt.PlayReloader$$anon$2$$anonfun$reload$2$$anonfun$apply$15$$anonfun$apply$16.apply(PlayReloader.scala:349) ~[na:na]
	at scala.Option.map(Option.scala:133) ~[scala-library.jar:na]
	at sbt.PlayReloader$$anon$2$$anonfun$reload$2$$anonfun$apply$15.apply(PlayReloader.scala:349) ~[na:na]
	at sbt.PlayReloader$$anon$2$$anonfun$reload$2$$anonfun$apply$15.apply(PlayReloader.scala:346) ~[na:na]
	at scala.Option.map(Option.scala:133) ~[scala-library.jar:na]
	at sbt.PlayReloader$$anon$2$$anonfun$reload$2.apply(PlayReloader.scala:346) ~[na:na]
	at sbt.PlayReloader$$anon$2$$anonfun$reload$2.apply(PlayReloader.scala:344) ~[na:na]
	at scala.Either$LeftProjection.map(Either.scala:374) ~[na:na]
	at sbt.PlayReloader$$anon$2.reload(PlayReloader.scala:344) ~[na:na]
	at play.core.ReloadableApplication.get(ApplicationProvider.scala:98) ~[play_2.10.jar:2.1.0]
	at play.core.server.Server$class.sendHandler$1(Server.scala:56) [play_2.10.jar:2.1.0]
	at play.core.server.Server$$anonfun$getHandlerFor$4.apply(Server.scala:88) [play_2.10.jar:2.1.0]
	at play.core.server.Server$$anonfun$getHandlerFor$4.apply(Server.scala:87) [play_2.10.jar:2.1.0]
	at scala.util.Either$RightProjection.flatMap(Either.scala:523) [scala-library.jar:na]
	at play.core.server.Server$class.getHandlerFor(Server.scala:87) [play_2.10.jar:2.1.0]
	at play.core.server.NettyServer.getHandlerFor(NettyServer.scala:34) [play_2.10.jar:2.1.0]
	at play.core.server.netty.PlayDefaultUpstreamHandler.messageReceived(PlayDefaultUpstreamHandler.scala:103) [play_2.10.jar:2.1.0]
	at org.jboss.netty.channel.SimpleChannelUpstreamHandler.handleUpstream(SimpleChannelUpstreamHandler.java:75) [netty.jar:na]
	at org.jboss.netty.channel.DefaultChannelPipeline.sendUpstream(DefaultChannelPipeline.java:565) [netty.jar:na]
	at org.jboss.netty.channel.DefaultChannelPipeline$DefaultChannelHandlerContext.sendUpstream(DefaultChannelPipeline.java:793) [netty.jar:na]
	at org.jboss.netty.handler.codec.http.HttpContentDecoder.messageReceived(HttpContentDecoder.java:104) [netty.jar:na]
	at org.jboss.netty.channel.SimpleChannelUpstreamHandler.handleUpstream(SimpleChannelUpstreamHandler.java:75) [netty.jar:na]
	at org.jboss.netty.channel.DefaultChannelPipeline.sendUpstream(DefaultChannelPipeline.java:565) [netty.jar:na]
	at org.jboss.netty.channel.DefaultChannelPipeline$DefaultChannelHandlerContext.sendUpstream(DefaultChannelPipeline.java:793) [netty.jar:na]
	at org.jboss.netty.channel.Channels.fireMessageReceived(Channels.java:296) [netty.jar:na]
	at org.jboss.netty.handler.codec.frame.FrameDecoder.unfoldAndFireMessageReceived(FrameDecoder.java:455) [netty.jar:na]
	at org.jboss.netty.handler.codec.replay.ReplayingDecoder.callDecode(ReplayingDecoder.java:538) [netty.jar:na]
	at org.jboss.netty.handler.codec.replay.ReplayingDecoder.messageReceived(ReplayingDecoder.java:437) [netty.jar:na]
	at org.jboss.netty.channel.SimpleChannelUpstreamHandler.handleUpstream(SimpleChannelUpstreamHandler.java:75) [netty.jar:na]
	at org.jboss.netty.channel.DefaultChannelPipeline.sendUpstream(DefaultChannelPipeline.java:565) [netty.jar:na]
	at org.jboss.netty.channel.DefaultChannelPipeline.sendUpstream(DefaultChannelPipeline.java:560) [netty.jar:na]
	at org.jboss.netty.channel.Channels.fireMessageReceived(Channels.java:268) [netty.jar:na]
	at org.jboss.netty.channel.Channels.fireMessageReceived(Channels.java:255) [netty.jar:na]
	at org.jboss.netty.channel.socket.nio.NioWorker.read(NioWorker.java:84) [netty.jar:na]
	at org.jboss.netty.channel.socket.nio.AbstractNioWorker.processSelectedKeys(AbstractNioWorker.java:472) [netty.jar:na]
	at org.jboss.netty.channel.socket.nio.AbstractNioWorker.run(AbstractNioWorker.java:333) [netty.jar:na]
	at org.jboss.netty.channel.socket.nio.NioWorker.run(NioWorker.java:35) [netty.jar:na]
	at org.jboss.netty.util.ThreadRenamingRunnable.run(ThreadRenamingRunnable.java:102) [netty.jar:na]
	at org.jboss.netty.util.internal.DeadLockProofWorker$1.run(DeadLockProofWorker.java:42) [netty.jar:na]
	at java.util.concurrent.ThreadPoolExecutor$Worker.runTask(Unknown Source) [na:1.6.0_29]
	at java.util.concurrent.ThreadPoolExecutor$Worker.run(Unknown Source) [na:1.6.0_29]
	at java.lang.Thread.run(Unknown Source) [na:1.6.0_29]

2013-02-28 08:46:07,730 - [WARN] - from play in New I/O  worker #1 
No application found at invoker init

2013-03-01 00:25:53,897 - [INFO] - from play in New I/O  worker #2 
database [default] connected at jdbc:h2:mem:play

2013-03-01 00:25:55,135 - [ERROR] - from application in New I/O  worker #2 


! @6df87pe1k - Internal server error, for (GET) [/] ->

play.api.db.evolutions.InvalidDatabaseRevision: Database 'default' needs evolution![An SQL script need to be run on your database.]
	at play.api.db.evolutions.EvolutionsPlugin$$anonfun$onStart$1$$anonfun$apply$1.apply$mcV$sp(Evolutions.scala:457) ~[play-jdbc_2.10.jar:2.1.0]
	at play.api.db.evolutions.EvolutionsPlugin.withLock(Evolutions.scala:478) ~[play-jdbc_2.10.jar:2.1.0]
	at play.api.db.evolutions.EvolutionsPlugin$$anonfun$onStart$1.apply(Evolutions.scala:434) ~[play-jdbc_2.10.jar:2.1.0]
	at play.api.db.evolutions.EvolutionsPlugin$$anonfun$onStart$1.apply(Evolutions.scala:432) ~[play-jdbc_2.10.jar:2.1.0]
	at scala.collection.immutable.List.foreach(List.scala:309) ~[scala-library.jar:na]
	at play.api.db.evolutions.EvolutionsPlugin.onStart(Evolutions.scala:432) ~[play-jdbc_2.10.jar:2.1.0]
	at play.api.Play$$anonfun$start$1$$anonfun$apply$mcV$sp$1.apply(Play.scala:63) ~[play_2.10.jar:2.1.0]
	at play.api.Play$$anonfun$start$1$$anonfun$apply$mcV$sp$1.apply(Play.scala:63) ~[play_2.10.jar:2.1.0]
	at scala.collection.immutable.List.foreach(List.scala:309) ~[scala-library.jar:na]
	at play.api.Play$$anonfun$start$1.apply$mcV$sp(Play.scala:63) ~[play_2.10.jar:2.1.0]
	at play.api.Play$$anonfun$start$1.apply(Play.scala:63) ~[play_2.10.jar:2.1.0]
	at play.api.Play$$anonfun$start$1.apply(Play.scala:63) ~[play_2.10.jar:2.1.0]
	at play.utils.Threads$.withContextClassLoader(Threads.scala:18) ~[play_2.10.jar:2.1.0]
	at play.api.Play$.start(Play.scala:62) ~[play_2.10.jar:2.1.0]
	at play.core.ReloadableApplication$$anonfun$get$1$$anonfun$1.apply(ApplicationProvider.scala:133) ~[play_2.10.jar:2.1.0]
	at play.core.ReloadableApplication$$anonfun$get$1$$anonfun$1.apply(ApplicationProvider.scala:106) ~[play_2.10.jar:2.1.0]
	at scala.Option.map(Option.scala:145) ~[scala-library.jar:na]
	at play.core.ReloadableApplication$$anonfun$get$1.apply(ApplicationProvider.scala:106) ~[play_2.10.jar:2.1.0]
	at play.core.ReloadableApplication$$anonfun$get$1.apply(ApplicationProvider.scala:104) ~[play_2.10.jar:2.1.0]
	at scala.util.Either$RightProjection.flatMap(Either.scala:523) [scala-library.jar:na]
	at play.core.ReloadableApplication.get(ApplicationProvider.scala:104) ~[play_2.10.jar:2.1.0]
	at play.core.server.Server$class.sendHandler$1(Server.scala:56) [play_2.10.jar:2.1.0]
	at play.core.server.Server$$anonfun$getHandlerFor$4.apply(Server.scala:88) [play_2.10.jar:2.1.0]
	at play.core.server.Server$$anonfun$getHandlerFor$4.apply(Server.scala:87) [play_2.10.jar:2.1.0]
	at scala.util.Either$RightProjection.flatMap(Either.scala:523) [scala-library.jar:na]
	at play.core.server.Server$class.getHandlerFor(Server.scala:87) [play_2.10.jar:2.1.0]
	at play.core.server.NettyServer.getHandlerFor(NettyServer.scala:34) [play_2.10.jar:2.1.0]
	at play.core.server.netty.PlayDefaultUpstreamHandler.messageReceived(PlayDefaultUpstreamHandler.scala:103) [play_2.10.jar:2.1.0]
	at org.jboss.netty.channel.SimpleChannelUpstreamHandler.handleUpstream(SimpleChannelUpstreamHandler.java:75) [netty.jar:na]
	at org.jboss.netty.channel.DefaultChannelPipeline.sendUpstream(DefaultChannelPipeline.java:565) [netty.jar:na]
	at org.jboss.netty.channel.DefaultChannelPipeline$DefaultChannelHandlerContext.sendUpstream(DefaultChannelPipeline.java:793) [netty.jar:na]
	at org.jboss.netty.handler.codec.http.HttpContentDecoder.messageReceived(HttpContentDecoder.java:104) [netty.jar:na]
	at org.jboss.netty.channel.SimpleChannelUpstreamHandler.handleUpstream(SimpleChannelUpstreamHandler.java:75) [netty.jar:na]
	at org.jboss.netty.channel.DefaultChannelPipeline.sendUpstream(DefaultChannelPipeline.java:565) [netty.jar:na]
	at org.jboss.netty.channel.DefaultChannelPipeline$DefaultChannelHandlerContext.sendUpstream(DefaultChannelPipeline.java:793) [netty.jar:na]
	at org.jboss.netty.channel.Channels.fireMessageReceived(Channels.java:296) [netty.jar:na]
	at org.jboss.netty.handler.codec.frame.FrameDecoder.unfoldAndFireMessageReceived(FrameDecoder.java:455) [netty.jar:na]
	at org.jboss.netty.handler.codec.replay.ReplayingDecoder.callDecode(ReplayingDecoder.java:538) [netty.jar:na]
	at org.jboss.netty.handler.codec.replay.ReplayingDecoder.messageReceived(ReplayingDecoder.java:437) [netty.jar:na]
	at org.jboss.netty.channel.SimpleChannelUpstreamHandler.handleUpstream(SimpleChannelUpstreamHandler.java:75) [netty.jar:na]
	at org.jboss.netty.channel.DefaultChannelPipeline.sendUpstream(DefaultChannelPipeline.java:565) [netty.jar:na]
	at org.jboss.netty.channel.DefaultChannelPipeline.sendUpstream(DefaultChannelPipeline.java:560) [netty.jar:na]
	at org.jboss.netty.channel.Channels.fireMessageReceived(Channels.java:268) [netty.jar:na]
	at org.jboss.netty.channel.Channels.fireMessageReceived(Channels.java:255) [netty.jar:na]
	at org.jboss.netty.channel.socket.nio.NioWorker.read(NioWorker.java:84) [netty.jar:na]
	at org.jboss.netty.channel.socket.nio.AbstractNioWorker.processSelectedKeys(AbstractNioWorker.java:472) [netty.jar:na]
	at org.jboss.netty.channel.socket.nio.AbstractNioWorker.run(AbstractNioWorker.java:333) [netty.jar:na]
	at org.jboss.netty.channel.socket.nio.NioWorker.run(NioWorker.java:35) [netty.jar:na]
	at org.jboss.netty.util.ThreadRenamingRunnable.run(ThreadRenamingRunnable.java:102) [netty.jar:na]
	at org.jboss.netty.util.internal.DeadLockProofWorker$1.run(DeadLockProofWorker.java:42) [netty.jar:na]
	at java.util.concurrent.ThreadPoolExecutor$Worker.runTask(Unknown Source) [na:1.6.0_29]
	at java.util.concurrent.ThreadPoolExecutor$Worker.run(Unknown Source) [na:1.6.0_29]
	at java.lang.Thread.run(Unknown Source) [na:1.6.0_29]

2013-03-01 00:26:03,713 - [INFO] - from play in New I/O  worker #2 
database [default] connected at jdbc:h2:mem:play

2013-03-01 00:26:03,803 - [INFO] - from play in New I/O  worker #2 
Application started (Dev)

2013-03-01 00:27:04,088 - [INFO] - from play in New I/O  worker #1 
database [default] connected at jdbc:h2:mem:play

2013-03-01 00:27:04,128 - [INFO] - from play in New I/O  worker #1 
Application started (Dev)

2013-03-01 00:27:35,561 - [INFO] - from play in New I/O  worker #1 
database [default] connected at jdbc:h2:mem:play

2013-03-01 00:27:35,597 - [INFO] - from play in New I/O  worker #1 
Application started (Dev)

2013-03-01 00:27:46,445 - [ERROR] - from application in play-internal-execution-context-1 


! @6df885mio - Internal server error, for (POST) [/cadastrarDoacao] ->

play.api.Application$$anon$1: Execution exception[[RuntimeException: No @javax.persistence.Id field found in class [class models.entidades.Doacao]]]
	at play.api.Application$class.handleError(Application.scala:289) ~[play_2.10.jar:2.1.0]
	at play.api.DefaultApplication.handleError(Application.scala:383) [play_2.10.jar:2.1.0]
	at play.core.server.netty.PlayDefaultUpstreamHandler$$anon$2$$anonfun$handle$1.apply(PlayDefaultUpstreamHandler.scala:132) [play_2.10.jar:2.1.0]
	at play.core.server.netty.PlayDefaultUpstreamHandler$$anon$2$$anonfun$handle$1.apply(PlayDefaultUpstreamHandler.scala:128) [play_2.10.jar:2.1.0]
	at play.api.libs.concurrent.PlayPromise$$anonfun$extend1$1.apply(Promise.scala:113) [play_2.10.jar:2.1.0]
	at play.api.libs.concurrent.PlayPromise$$anonfun$extend1$1.apply(Promise.scala:113) [play_2.10.jar:2.1.0]
	at play.api.libs.concurrent.PlayPromise$$anonfun$extend$1$$anonfun$apply$1.apply(Promise.scala:104) [play_2.10.jar:2.1.0]
	at scala.concurrent.impl.Future$PromiseCompletingRunnable.liftedTree1$1(Future.scala:24) [scala-library.jar:na]
	at scala.concurrent.impl.Future$PromiseCompletingRunnable.run(Future.scala:24) [scala-library.jar:na]
	at java.util.concurrent.ThreadPoolExecutor$Worker.runTask(Unknown Source) [na:1.6.0_29]
	at java.util.concurrent.ThreadPoolExecutor$Worker.run(Unknown Source) [na:1.6.0_29]
	at java.lang.Thread.run(Unknown Source) [na:1.6.0_29]
java.lang.RuntimeException: No @javax.persistence.Id field found in class [class models.entidades.Doacao]
	at play.db.ebean.Model._idAccessors(Model.java:54) ~[play-java-ebean_2.10.jar:2.1.0]
	at play.db.ebean.Model._getId(Model.java:67) ~[play-java-ebean_2.10.jar:2.1.0]
	at play.db.ebean.Model.hashCode(Model.java:208) ~[play-java-ebean_2.10.jar:2.1.0]
	at java.util.HashMap.put(Unknown Source) ~[na:1.6.0_29]
	at java.util.HashSet.add(Unknown Source) ~[na:1.6.0_29]
	at com.avaje.ebeaninternal.server.transaction.JdbcTransaction.isRegisteredBean(JdbcTransaction.java:224) ~[avaje-ebeanorm-server.jar:na]
	at com.avaje.ebeaninternal.server.core.PersistRequestBean.isRegisteredBean(PersistRequestBean.java:257) ~[avaje-ebeanorm-server.jar:na]
	at com.avaje.ebeaninternal.server.persist.DefaultPersister.insert(DefaultPersister.java:372) ~[avaje-ebeanorm-server.jar:na]
	at com.avaje.ebeaninternal.server.persist.DefaultPersister.saveEnhanced(DefaultPersister.java:326) ~[avaje-ebeanorm-server.jar:na]
	at com.avaje.ebeaninternal.server.persist.DefaultPersister.saveRecurse(DefaultPersister.java:296) ~[avaje-ebeanorm-server.jar:na]
	at com.avaje.ebeaninternal.server.persist.DefaultPersister.save(DefaultPersister.java:263) ~[avaje-ebeanorm-server.jar:na]
	at com.avaje.ebeaninternal.server.core.DefaultServer.save(DefaultServer.java:1610) ~[avaje-ebeanorm-server.jar:na]
	at com.avaje.ebeaninternal.server.core.DefaultServer.save(DefaultServer.java:1600) ~[avaje-ebeanorm-server.jar:na]
	at com.avaje.ebean.Ebean.save(Ebean.java:505) ~[avaje-ebeanorm-api.jar:na]
	at play.db.ebean.Model.save(Model.java:91) ~[play-java-ebean_2.10.jar:2.1.0]
	at models.repositorios.RepositorioCadastrarDoacoesBDR.save(RepositorioCadastrarDoacoesBDR.java:25) ~[na:na]
	at models.repositorios.RepositorioCadastrarDoacoesBDR.save(RepositorioCadastrarDoacoesBDR.java:8) ~[na:na]
	at models.cadastros.CadastroDoacoes.atualizar(CadastroDoacoes.java:18) ~[na:na]
	at models.controladores.ControladorDoacoes.cadastrar(ControladorDoacoes.java:26) ~[na:na]
	at models.Fachada.cadastrarDoacoes(Fachada.java:52) ~[na:na]
	at controllers.Application.cadastrarDoacoes(Application.java:93) ~[na:na]
	at Routes$$anonfun$routes$1$$anonfun$applyOrElse$8$$anonfun$apply$8.apply(routes_routing.scala:145) ~[na:na]
	at Routes$$anonfun$routes$1$$anonfun$applyOrElse$8$$anonfun$apply$8.apply(routes_routing.scala:145) ~[na:na]
	at play.core.Router$HandlerInvoker$$anon$6$$anon$2.invocation(Router.scala:141) ~[play_2.10.jar:2.1.0]
	at play.core.Router$Routes$$anon$1.invocation(Router.scala:322) ~[play_2.10.jar:2.1.0]
	at play.core.j.JavaAction$$anon$1.call(JavaAction.scala:31) ~[play_2.10.jar:2.1.0]
	at play.core.j.JavaAction$$anon$2.apply(JavaAction.scala:74) ~[play_2.10.jar:2.1.0]
	at play.core.j.JavaAction$$anon$2.apply(JavaAction.scala:73) ~[play_2.10.jar:2.1.0]
	at play.libs.F$Promise$PromiseActor.onReceive(F.java:420) ~[play_2.10.jar:2.1.0]
	at akka.actor.UntypedActor$$anonfun$receive$1.applyOrElse(UntypedActor.scala:159) ~[akka-actor_2.10.jar:na]
	at akka.actor.ActorCell.receiveMessage(ActorCell.scala:425) ~[akka-actor_2.10.jar:na]
	at akka.actor.ActorCell.invoke(ActorCell.scala:386) ~[akka-actor_2.10.jar:na]
	at akka.dispatch.Mailbox.processMailbox(Mailbox.scala:230) ~[akka-actor_2.10.jar:na]
	at akka.dispatch.Mailbox.run(Mailbox.scala:212) ~[akka-actor_2.10.jar:na]
	at akka.dispatch.ForkJoinExecutorConfigurator$MailboxExecutionTask.exec(AbstractDispatcher.scala:502) ~[akka-actor_2.10.jar:na]
	at scala.concurrent.forkjoin.ForkJoinTask.doExec(ForkJoinTask.java:262) ~[scala-library.jar:na]
	at scala.concurrent.forkjoin.ForkJoinPool$WorkQueue.runTask(ForkJoinPool.java:975) ~[scala-library.jar:na]
	at scala.concurrent.forkjoin.ForkJoinPool.runWorker(ForkJoinPool.java:1478) ~[scala-library.jar:na]
	at scala.concurrent.forkjoin.ForkJoinWorkerThread.run(ForkJoinWorkerThread.java:104) ~[scala-library.jar:na]

2013-03-01 00:32:14,865 - [INFO] - from play in New I/O  worker #2 
database [default] connected at jdbc:h2:mem:play

2013-03-01 00:32:14,909 - [ERROR] - from application in New I/O  worker #2 


! @6df88l3me - Internal server error, for (GET) [/favicon.ico] ->

play.api.db.evolutions.InvalidDatabaseRevision: Database 'default' needs evolution![An SQL script need to be run on your database.]
	at play.api.db.evolutions.EvolutionsPlugin$$anonfun$onStart$1$$anonfun$apply$1.apply$mcV$sp(Evolutions.scala:457) ~[play-jdbc_2.10.jar:2.1.0]
	at play.api.db.evolutions.EvolutionsPlugin.withLock(Evolutions.scala:478) ~[play-jdbc_2.10.jar:2.1.0]
	at play.api.db.evolutions.EvolutionsPlugin$$anonfun$onStart$1.apply(Evolutions.scala:434) ~[play-jdbc_2.10.jar:2.1.0]
	at play.api.db.evolutions.EvolutionsPlugin$$anonfun$onStart$1.apply(Evolutions.scala:432) ~[play-jdbc_2.10.jar:2.1.0]
	at scala.collection.immutable.List.foreach(List.scala:309) ~[scala-library.jar:na]
	at play.api.db.evolutions.EvolutionsPlugin.onStart(Evolutions.scala:432) ~[play-jdbc_2.10.jar:2.1.0]
	at play.api.Play$$anonfun$start$1$$anonfun$apply$mcV$sp$1.apply(Play.scala:63) ~[play_2.10.jar:2.1.0]
	at play.api.Play$$anonfun$start$1$$anonfun$apply$mcV$sp$1.apply(Play.scala:63) ~[play_2.10.jar:2.1.0]
	at scala.collection.immutable.List.foreach(List.scala:309) ~[scala-library.jar:na]
	at play.api.Play$$anonfun$start$1.apply$mcV$sp(Play.scala:63) ~[play_2.10.jar:2.1.0]
	at play.api.Play$$anonfun$start$1.apply(Play.scala:63) ~[play_2.10.jar:2.1.0]
	at play.api.Play$$anonfun$start$1.apply(Play.scala:63) ~[play_2.10.jar:2.1.0]
	at play.utils.Threads$.withContextClassLoader(Threads.scala:18) ~[play_2.10.jar:2.1.0]
	at play.api.Play$.start(Play.scala:62) ~[play_2.10.jar:2.1.0]
	at play.core.ReloadableApplication$$anonfun$get$1$$anonfun$1.apply(ApplicationProvider.scala:133) ~[play_2.10.jar:2.1.0]
	at play.core.ReloadableApplication$$anonfun$get$1$$anonfun$1.apply(ApplicationProvider.scala:106) ~[play_2.10.jar:2.1.0]
	at scala.Option.map(Option.scala:145) ~[scala-library.jar:na]
	at play.core.ReloadableApplication$$anonfun$get$1.apply(ApplicationProvider.scala:106) ~[play_2.10.jar:2.1.0]
	at play.core.ReloadableApplication$$anonfun$get$1.apply(ApplicationProvider.scala:104) ~[play_2.10.jar:2.1.0]
	at scala.util.Either$RightProjection.flatMap(Either.scala:523) [scala-library.jar:na]
	at play.core.ReloadableApplication.get(ApplicationProvider.scala:104) ~[play_2.10.jar:2.1.0]
	at play.core.server.Server$class.sendHandler$1(Server.scala:56) [play_2.10.jar:2.1.0]
	at play.core.server.Server$$anonfun$getHandlerFor$4.apply(Server.scala:88) [play_2.10.jar:2.1.0]
	at play.core.server.Server$$anonfun$getHandlerFor$4.apply(Server.scala:87) [play_2.10.jar:2.1.0]
	at scala.util.Either$RightProjection.flatMap(Either.scala:523) [scala-library.jar:na]
	at play.core.server.Server$class.getHandlerFor(Server.scala:87) [play_2.10.jar:2.1.0]
	at play.core.server.NettyServer.getHandlerFor(NettyServer.scala:34) [play_2.10.jar:2.1.0]
	at play.core.server.netty.PlayDefaultUpstreamHandler.messageReceived(PlayDefaultUpstreamHandler.scala:103) [play_2.10.jar:2.1.0]
	at org.jboss.netty.channel.SimpleChannelUpstreamHandler.handleUpstream(SimpleChannelUpstreamHandler.java:75) [netty.jar:na]
	at org.jboss.netty.channel.DefaultChannelPipeline.sendUpstream(DefaultChannelPipeline.java:565) [netty.jar:na]
	at org.jboss.netty.channel.DefaultChannelPipeline$DefaultChannelHandlerContext.sendUpstream(DefaultChannelPipeline.java:793) [netty.jar:na]
	at org.jboss.netty.handler.codec.http.HttpContentDecoder.messageReceived(HttpContentDecoder.java:104) [netty.jar:na]
	at org.jboss.netty.channel.SimpleChannelUpstreamHandler.handleUpstream(SimpleChannelUpstreamHandler.java:75) [netty.jar:na]
	at org.jboss.netty.channel.DefaultChannelPipeline.sendUpstream(DefaultChannelPipeline.java:565) [netty.jar:na]
	at org.jboss.netty.channel.DefaultChannelPipeline$DefaultChannelHandlerContext.sendUpstream(DefaultChannelPipeline.java:793) [netty.jar:na]
	at org.jboss.netty.channel.Channels.fireMessageReceived(Channels.java:296) [netty.jar:na]
	at org.jboss.netty.handler.codec.frame.FrameDecoder.unfoldAndFireMessageReceived(FrameDecoder.java:455) [netty.jar:na]
	at org.jboss.netty.handler.codec.replay.ReplayingDecoder.callDecode(ReplayingDecoder.java:538) [netty.jar:na]
	at org.jboss.netty.handler.codec.replay.ReplayingDecoder.messageReceived(ReplayingDecoder.java:437) [netty.jar:na]
	at org.jboss.netty.channel.SimpleChannelUpstreamHandler.handleUpstream(SimpleChannelUpstreamHandler.java:75) [netty.jar:na]
	at org.jboss.netty.channel.DefaultChannelPipeline.sendUpstream(DefaultChannelPipeline.java:565) [netty.jar:na]
	at org.jboss.netty.channel.DefaultChannelPipeline.sendUpstream(DefaultChannelPipeline.java:560) [netty.jar:na]
	at org.jboss.netty.channel.Channels.fireMessageReceived(Channels.java:268) [netty.jar:na]
	at org.jboss.netty.channel.Channels.fireMessageReceived(Channels.java:255) [netty.jar:na]
	at org.jboss.netty.channel.socket.nio.NioWorker.read(NioWorker.java:84) [netty.jar:na]
	at org.jboss.netty.channel.socket.nio.AbstractNioWorker.processSelectedKeys(AbstractNioWorker.java:472) [netty.jar:na]
	at org.jboss.netty.channel.socket.nio.AbstractNioWorker.run(AbstractNioWorker.java:333) [netty.jar:na]
	at org.jboss.netty.channel.socket.nio.NioWorker.run(NioWorker.java:35) [netty.jar:na]
	at org.jboss.netty.util.ThreadRenamingRunnable.run(ThreadRenamingRunnable.java:102) [netty.jar:na]
	at org.jboss.netty.util.internal.DeadLockProofWorker$1.run(DeadLockProofWorker.java:42) [netty.jar:na]
	at java.util.concurrent.ThreadPoolExecutor$Worker.runTask(Unknown Source) [na:1.6.0_29]
	at java.util.concurrent.ThreadPoolExecutor$Worker.run(Unknown Source) [na:1.6.0_29]
	at java.lang.Thread.run(Unknown Source) [na:1.6.0_29]

2013-03-01 00:32:16,821 - [INFO] - from play in New I/O  worker #2 
database [default] connected at jdbc:h2:mem:play

2013-03-01 00:32:16,852 - [ERROR] - from application in New I/O  worker #2 


! @6df88l6j6 - Internal server error, for (POST) [/cadastrarDoacao] ->

play.api.db.evolutions.InvalidDatabaseRevision: Database 'default' needs evolution![An SQL script need to be run on your database.]
	at play.api.db.evolutions.EvolutionsPlugin$$anonfun$onStart$1$$anonfun$apply$1.apply$mcV$sp(Evolutions.scala:457) ~[play-jdbc_2.10.jar:2.1.0]
	at play.api.db.evolutions.EvolutionsPlugin.withLock(Evolutions.scala:478) ~[play-jdbc_2.10.jar:2.1.0]
	at play.api.db.evolutions.EvolutionsPlugin$$anonfun$onStart$1.apply(Evolutions.scala:434) ~[play-jdbc_2.10.jar:2.1.0]
	at play.api.db.evolutions.EvolutionsPlugin$$anonfun$onStart$1.apply(Evolutions.scala:432) ~[play-jdbc_2.10.jar:2.1.0]
	at scala.collection.immutable.List.foreach(List.scala:309) ~[scala-library.jar:na]
	at play.api.db.evolutions.EvolutionsPlugin.onStart(Evolutions.scala:432) ~[play-jdbc_2.10.jar:2.1.0]
	at play.api.Play$$anonfun$start$1$$anonfun$apply$mcV$sp$1.apply(Play.scala:63) ~[play_2.10.jar:2.1.0]
	at play.api.Play$$anonfun$start$1$$anonfun$apply$mcV$sp$1.apply(Play.scala:63) ~[play_2.10.jar:2.1.0]
	at scala.collection.immutable.List.foreach(List.scala:309) ~[scala-library.jar:na]
	at play.api.Play$$anonfun$start$1.apply$mcV$sp(Play.scala:63) ~[play_2.10.jar:2.1.0]
	at play.api.Play$$anonfun$start$1.apply(Play.scala:63) ~[play_2.10.jar:2.1.0]
	at play.api.Play$$anonfun$start$1.apply(Play.scala:63) ~[play_2.10.jar:2.1.0]
	at play.utils.Threads$.withContextClassLoader(Threads.scala:18) ~[play_2.10.jar:2.1.0]
	at play.api.Play$.start(Play.scala:62) ~[play_2.10.jar:2.1.0]
	at play.core.ReloadableApplication$$anonfun$get$1$$anonfun$1.apply(ApplicationProvider.scala:133) ~[play_2.10.jar:2.1.0]
	at play.core.ReloadableApplication$$anonfun$get$1$$anonfun$1.apply(ApplicationProvider.scala:106) ~[play_2.10.jar:2.1.0]
	at scala.Option.map(Option.scala:145) ~[scala-library.jar:na]
	at play.core.ReloadableApplication$$anonfun$get$1.apply(ApplicationProvider.scala:106) ~[play_2.10.jar:2.1.0]
	at play.core.ReloadableApplication$$anonfun$get$1.apply(ApplicationProvider.scala:104) ~[play_2.10.jar:2.1.0]
	at scala.util.Either$RightProjection.flatMap(Either.scala:523) [scala-library.jar:na]
	at play.core.ReloadableApplication.get(ApplicationProvider.scala:104) ~[play_2.10.jar:2.1.0]
	at play.core.server.Server$class.sendHandler$1(Server.scala:56) [play_2.10.jar:2.1.0]
	at play.core.server.Server$$anonfun$getHandlerFor$4.apply(Server.scala:88) [play_2.10.jar:2.1.0]
	at play.core.server.Server$$anonfun$getHandlerFor$4.apply(Server.scala:87) [play_2.10.jar:2.1.0]
	at scala.util.Either$RightProjection.flatMap(Either.scala:523) [scala-library.jar:na]
	at play.core.server.Server$class.getHandlerFor(Server.scala:87) [play_2.10.jar:2.1.0]
	at play.core.server.NettyServer.getHandlerFor(NettyServer.scala:34) [play_2.10.jar:2.1.0]
	at play.core.server.netty.PlayDefaultUpstreamHandler.messageReceived(PlayDefaultUpstreamHandler.scala:103) [play_2.10.jar:2.1.0]
	at org.jboss.netty.channel.SimpleChannelUpstreamHandler.handleUpstream(SimpleChannelUpstreamHandler.java:75) [netty.jar:na]
	at org.jboss.netty.channel.DefaultChannelPipeline.sendUpstream(DefaultChannelPipeline.java:565) [netty.jar:na]
	at org.jboss.netty.channel.DefaultChannelPipeline$DefaultChannelHandlerContext.sendUpstream(DefaultChannelPipeline.java:793) [netty.jar:na]
	at org.jboss.netty.handler.codec.http.HttpContentDecoder.messageReceived(HttpContentDecoder.java:104) [netty.jar:na]
	at org.jboss.netty.channel.SimpleChannelUpstreamHandler.handleUpstream(SimpleChannelUpstreamHandler.java:75) [netty.jar:na]
	at org.jboss.netty.channel.DefaultChannelPipeline.sendUpstream(DefaultChannelPipeline.java:565) [netty.jar:na]
	at org.jboss.netty.channel.DefaultChannelPipeline$DefaultChannelHandlerContext.sendUpstream(DefaultChannelPipeline.java:793) [netty.jar:na]
	at org.jboss.netty.channel.Channels.fireMessageReceived(Channels.java:296) [netty.jar:na]
	at org.jboss.netty.handler.codec.frame.FrameDecoder.unfoldAndFireMessageReceived(FrameDecoder.java:455) [netty.jar:na]
	at org.jboss.netty.handler.codec.replay.ReplayingDecoder.callDecode(ReplayingDecoder.java:538) [netty.jar:na]
	at org.jboss.netty.handler.codec.replay.ReplayingDecoder.messageReceived(ReplayingDecoder.java:437) [netty.jar:na]
	at org.jboss.netty.channel.SimpleChannelUpstreamHandler.handleUpstream(SimpleChannelUpstreamHandler.java:75) [netty.jar:na]
	at org.jboss.netty.channel.DefaultChannelPipeline.sendUpstream(DefaultChannelPipeline.java:565) [netty.jar:na]
	at org.jboss.netty.channel.DefaultChannelPipeline.sendUpstream(DefaultChannelPipeline.java:560) [netty.jar:na]
	at org.jboss.netty.channel.Channels.fireMessageReceived(Channels.java:268) [netty.jar:na]
	at org.jboss.netty.channel.Channels.fireMessageReceived(Channels.java:255) [netty.jar:na]
	at org.jboss.netty.channel.socket.nio.NioWorker.read(NioWorker.java:84) [netty.jar:na]
	at org.jboss.netty.channel.socket.nio.AbstractNioWorker.processSelectedKeys(AbstractNioWorker.java:472) [netty.jar:na]
	at org.jboss.netty.channel.socket.nio.AbstractNioWorker.run(AbstractNioWorker.java:333) [netty.jar:na]
	at org.jboss.netty.channel.socket.nio.NioWorker.run(NioWorker.java:35) [netty.jar:na]
	at org.jboss.netty.util.ThreadRenamingRunnable.run(ThreadRenamingRunnable.java:102) [netty.jar:na]
	at org.jboss.netty.util.internal.DeadLockProofWorker$1.run(DeadLockProofWorker.java:42) [netty.jar:na]
	at java.util.concurrent.ThreadPoolExecutor$Worker.runTask(Unknown Source) [na:1.6.0_29]
	at java.util.concurrent.ThreadPoolExecutor$Worker.run(Unknown Source) [na:1.6.0_29]
	at java.lang.Thread.run(Unknown Source) [na:1.6.0_29]

2013-03-01 00:32:20,283 - [INFO] - from play in New I/O  worker #2 
database [default] connected at jdbc:h2:mem:play

2013-03-01 00:32:20,338 - [INFO] - from play in New I/O  worker #2 
Application started (Dev)

2013-03-01 00:32:38,370 - [ERROR] - from application in play-internal-execution-context-1 


! @6df88mcel - Internal server error, for (POST) [/cadastrarDoacao] ->

play.api.Application$$anon$1: Execution exception[[IllegalStateException: JSR-303 validated property 'origem' does not have a corresponding accessor for data binding - check your DataBinder's configuration (bean property versus direct field access)]]
	at play.api.Application$class.handleError(Application.scala:289) ~[play_2.10.jar:2.1.0]
	at play.api.DefaultApplication.handleError(Application.scala:383) [play_2.10.jar:2.1.0]
	at play.core.server.netty.PlayDefaultUpstreamHandler$$anon$2$$anonfun$handle$1.apply(PlayDefaultUpstreamHandler.scala:132) [play_2.10.jar:2.1.0]
	at play.core.server.netty.PlayDefaultUpstreamHandler$$anon$2$$anonfun$handle$1.apply(PlayDefaultUpstreamHandler.scala:128) [play_2.10.jar:2.1.0]
	at play.api.libs.concurrent.PlayPromise$$anonfun$extend1$1.apply(Promise.scala:113) [play_2.10.jar:2.1.0]
	at play.api.libs.concurrent.PlayPromise$$anonfun$extend1$1.apply(Promise.scala:113) [play_2.10.jar:2.1.0]
	at play.api.libs.concurrent.PlayPromise$$anonfun$extend$1$$anonfun$apply$1.apply(Promise.scala:104) [play_2.10.jar:2.1.0]
	at scala.concurrent.impl.Future$PromiseCompletingRunnable.liftedTree1$1(Future.scala:24) [scala-library.jar:na]
	at scala.concurrent.impl.Future$PromiseCompletingRunnable.run(Future.scala:24) [scala-library.jar:na]
	at java.util.concurrent.ThreadPoolExecutor$Worker.runTask(Unknown Source) [na:1.6.0_29]
	at java.util.concurrent.ThreadPoolExecutor$Worker.run(Unknown Source) [na:1.6.0_29]
	at java.lang.Thread.run(Unknown Source) [na:1.6.0_29]
java.lang.IllegalStateException: JSR-303 validated property 'origem' does not have a corresponding accessor for data binding - check your DataBinder's configuration (bean property versus direct field access)
	at play.data.Form.bind(Form.java:343) ~[play-java_2.10.jar:2.1.0]
	at play.data.Form.bindFromRequest(Form.java:215) ~[play-java_2.10.jar:2.1.0]
	at controllers.Application.cadastrarDoacoes(Application.java:91) ~[na:na]
	at Routes$$anonfun$routes$1$$anonfun$applyOrElse$8$$anonfun$apply$8.apply(routes_routing.scala:145) ~[na:na]
	at Routes$$anonfun$routes$1$$anonfun$applyOrElse$8$$anonfun$apply$8.apply(routes_routing.scala:145) ~[na:na]
	at play.core.Router$HandlerInvoker$$anon$6$$anon$2.invocation(Router.scala:141) ~[play_2.10.jar:2.1.0]
	at play.core.Router$Routes$$anon$1.invocation(Router.scala:322) ~[play_2.10.jar:2.1.0]
	at play.core.j.JavaAction$$anon$1.call(JavaAction.scala:31) ~[play_2.10.jar:2.1.0]
	at play.core.j.JavaAction$$anon$2.apply(JavaAction.scala:74) ~[play_2.10.jar:2.1.0]
	at play.core.j.JavaAction$$anon$2.apply(JavaAction.scala:73) ~[play_2.10.jar:2.1.0]
	at play.libs.F$Promise$PromiseActor.onReceive(F.java:420) ~[play_2.10.jar:2.1.0]
	at akka.actor.UntypedActor$$anonfun$receive$1.applyOrElse(UntypedActor.scala:159) ~[akka-actor_2.10.jar:na]
	at akka.actor.ActorCell.receiveMessage(ActorCell.scala:425) ~[akka-actor_2.10.jar:na]
	at akka.actor.ActorCell.invoke(ActorCell.scala:386) ~[akka-actor_2.10.jar:na]
	at akka.dispatch.Mailbox.processMailbox(Mailbox.scala:230) ~[akka-actor_2.10.jar:na]
	at akka.dispatch.Mailbox.run(Mailbox.scala:212) ~[akka-actor_2.10.jar:na]
	at akka.dispatch.ForkJoinExecutorConfigurator$MailboxExecutionTask.exec(AbstractDispatcher.scala:502) ~[akka-actor_2.10.jar:na]
	at scala.concurrent.forkjoin.ForkJoinTask.doExec(ForkJoinTask.java:262) ~[scala-library.jar:na]
	at scala.concurrent.forkjoin.ForkJoinPool$WorkQueue.runTask(ForkJoinPool.java:975) ~[scala-library.jar:na]
	at scala.concurrent.forkjoin.ForkJoinPool.runWorker(ForkJoinPool.java:1478) ~[scala-library.jar:na]
	at scala.concurrent.forkjoin.ForkJoinWorkerThread.run(ForkJoinWorkerThread.java:104) ~[scala-library.jar:na]
Caused by: org.springframework.beans.NotReadablePropertyException: Invalid property 'origem' of bean class [models.entidades.Doacao]: Bean property 'origem' is not readable or has an invalid getter method: Does the return type of the getter match the parameter type of the setter?
	at org.springframework.beans.BeanWrapperImpl.getPropertyValue(BeanWrapperImpl.java:729) ~[spring-beans.jar:3.1.2.RELEASE]
	at org.springframework.beans.BeanWrapperImpl.getPropertyValue(BeanWrapperImpl.java:721) ~[spring-beans.jar:3.1.2.RELEASE]
	at org.springframework.validation.AbstractPropertyBindingResult.getActualFieldValue(AbstractPropertyBindingResult.java:99) ~[spring-context.jar:3.1.2.RELEASE]
	at org.springframework.validation.AbstractBindingResult.rejectValue(AbstractBindingResult.java:105) ~[spring-context.jar:3.1.2.RELEASE]
	at play.data.Form.bind(Form.java:337) ~[play-java_2.10.jar:2.1.0]
	... 20 common frames omitted

2013-03-01 00:34:12,003 - [INFO] - from play in New I/O  worker #2 
database [default] connected at jdbc:h2:mem:play

2013-03-01 00:34:12,041 - [INFO] - from play in New I/O  worker #2 
Application started (Dev)

2013-03-01 00:38:58,745 - [INFO] - from play in New I/O  worker #1 
database [default] connected at jdbc:h2:mem:play

2013-03-01 00:38:58,785 - [INFO] - from play in New I/O  worker #1 
Application started (Dev)

